DEBUG main io.netty.util.internal.logging.InternalLoggerFactory - Using Log4J as the default logging framework
DEBUG main io.netty.util.internal.InternalThreadLocalMap - -Dio.netty.threadLocalMap.stringBuilder.initialSize: 1024
DEBUG main io.netty.util.internal.InternalThreadLocalMap - -Dio.netty.threadLocalMap.stringBuilder.maxSize: 4096
DEBUG main io.netty.channel.MultithreadEventLoopGroup - -Dio.netty.eventLoopThreads: 8
DEBUG main io.netty.util.internal.PlatformDependent - Platform: Windows
DEBUG main io.netty.util.internal.PlatformDependent0 - -Dio.netty.noUnsafe: false
DEBUG main io.netty.util.internal.PlatformDependent0 - Java version: 8
DEBUG main io.netty.util.internal.PlatformDependent0 - sun.misc.Unsafe.theUnsafe: available
DEBUG main io.netty.util.internal.PlatformDependent0 - sun.misc.Unsafe.copyMemory: available
DEBUG main io.netty.util.internal.PlatformDependent0 - java.nio.Buffer.address: available
DEBUG main io.netty.util.internal.PlatformDependent0 - direct buffer constructor: available
DEBUG main io.netty.util.internal.PlatformDependent0 - java.nio.Bits.unaligned: available, true
DEBUG main io.netty.util.internal.PlatformDependent0 - jdk.internal.misc.Unsafe.allocateUninitializedArray(int): unavailable prior to Java9
DEBUG main io.netty.util.internal.PlatformDependent0 - java.nio.DirectByteBuffer.<init>(long, int): available
DEBUG main io.netty.util.internal.PlatformDependent - sun.misc.Unsafe: available
DEBUG main io.netty.util.internal.PlatformDependent - -Dio.netty.tmpdir: C:\Users\ADMINI~1\AppData\Local\Temp (java.io.tmpdir)
DEBUG main io.netty.util.internal.PlatformDependent - -Dio.netty.bitMode: 64 (sun.arch.data.model)
DEBUG main io.netty.util.internal.PlatformDependent - -Dio.netty.noPreferDirect: false
DEBUG main io.netty.util.internal.PlatformDependent - -Dio.netty.maxDirectMemory: 2794455040 bytes
DEBUG main io.netty.util.internal.PlatformDependent - -Dio.netty.uninitializedArrayAllocationThreshold: -1
DEBUG main io.netty.util.internal.CleanerJava6 - java.nio.ByteBuffer.cleaner(): available
DEBUG main io.netty.channel.nio.NioEventLoop - -Dio.netty.noKeySetOptimization: false
DEBUG main io.netty.channel.nio.NioEventLoop - -Dio.netty.selectorAutoRebuildThreshold: 512
DEBUG main io.netty.util.internal.PlatformDependent - org.jctools-core.MpscChunkedArrayQueue: available
DEBUG main io.netty.util.ResourceLeakDetector - -Dio.netty.leakDetection.level: simple
DEBUG main io.netty.util.ResourceLeakDetector - -Dio.netty.leakDetection.targetRecords: 4
DEBUG main io.netty.buffer.PooledByteBufAllocator - -Dio.netty.allocator.numHeapArenas: 8
DEBUG main io.netty.buffer.PooledByteBufAllocator - -Dio.netty.allocator.numDirectArenas: 8
DEBUG main io.netty.buffer.PooledByteBufAllocator - -Dio.netty.allocator.pageSize: 8192
DEBUG main io.netty.buffer.PooledByteBufAllocator - -Dio.netty.allocator.maxOrder: 11
DEBUG main io.netty.buffer.PooledByteBufAllocator - -Dio.netty.allocator.chunkSize: 16777216
DEBUG main io.netty.buffer.PooledByteBufAllocator - -Dio.netty.allocator.tinyCacheSize: 512
DEBUG main io.netty.buffer.PooledByteBufAllocator - -Dio.netty.allocator.smallCacheSize: 256
DEBUG main io.netty.buffer.PooledByteBufAllocator - -Dio.netty.allocator.normalCacheSize: 64
DEBUG main io.netty.buffer.PooledByteBufAllocator - -Dio.netty.allocator.maxCachedBufferCapacity: 32768
DEBUG main io.netty.buffer.PooledByteBufAllocator - -Dio.netty.allocator.cacheTrimInterval: 8192
DEBUG main io.netty.buffer.PooledByteBufAllocator - -Dio.netty.allocator.useCacheForAllThreads: true
DEBUG main io.netty.channel.DefaultChannelId - -Dio.netty.processId: 17436 (auto-detected)
DEBUG main io.netty.util.NetUtil - -Djava.net.preferIPv4Stack: false
DEBUG main io.netty.util.NetUtil - -Djava.net.preferIPv6Addresses: false
DEBUG main io.netty.util.NetUtil - Loopback interface: lo (Software Loopback Interface 1, 127.0.0.1)
DEBUG main io.netty.util.NetUtil - Failed to get SOMAXCONN from sysctl and file \proc\sys\net\core\somaxconn. Default: 200
DEBUG main io.netty.channel.DefaultChannelId - -Dio.netty.machineId: f8:ca:b8:ff:fe:46:23:a9 (auto-detected)
DEBUG main io.netty.buffer.ByteBufUtil - -Dio.netty.allocator.type: pooled
DEBUG main io.netty.buffer.ByteBufUtil - -Dio.netty.threadLocalDirectBufferSize: 65536
DEBUG main io.netty.buffer.ByteBufUtil - -Dio.netty.maxThreadLocalCharBufferSize: 16384
DEBUG main io.netty.util.internal.logging.InternalLoggerFactory - Using Log4J as the default logging framework
DEBUG main io.netty.util.internal.InternalThreadLocalMap - -Dio.netty.threadLocalMap.stringBuilder.initialSize: 1024
DEBUG main io.netty.util.internal.InternalThreadLocalMap - -Dio.netty.threadLocalMap.stringBuilder.maxSize: 4096
DEBUG main io.netty.channel.MultithreadEventLoopGroup - -Dio.netty.eventLoopThreads: 8
DEBUG main io.netty.util.internal.PlatformDependent - Platform: Windows
DEBUG main io.netty.util.internal.PlatformDependent0 - -Dio.netty.noUnsafe: false
DEBUG main io.netty.util.internal.PlatformDependent0 - Java version: 8
DEBUG main io.netty.util.internal.PlatformDependent0 - sun.misc.Unsafe.theUnsafe: available
DEBUG main io.netty.util.internal.PlatformDependent0 - sun.misc.Unsafe.copyMemory: available
DEBUG main io.netty.util.internal.PlatformDependent0 - java.nio.Buffer.address: available
DEBUG main io.netty.util.internal.PlatformDependent0 - direct buffer constructor: available
DEBUG main io.netty.util.internal.PlatformDependent0 - java.nio.Bits.unaligned: available, true
DEBUG main io.netty.util.internal.PlatformDependent0 - jdk.internal.misc.Unsafe.allocateUninitializedArray(int): unavailable prior to Java9
DEBUG main io.netty.util.internal.PlatformDependent0 - java.nio.DirectByteBuffer.<init>(long, int): available
DEBUG main io.netty.util.internal.PlatformDependent - sun.misc.Unsafe: available
DEBUG main io.netty.util.internal.PlatformDependent - -Dio.netty.tmpdir: C:\Users\ADMINI~1\AppData\Local\Temp (java.io.tmpdir)
DEBUG main io.netty.util.internal.PlatformDependent - -Dio.netty.bitMode: 64 (sun.arch.data.model)
DEBUG main io.netty.util.internal.PlatformDependent - -Dio.netty.noPreferDirect: false
DEBUG main io.netty.util.internal.PlatformDependent - -Dio.netty.maxDirectMemory: 2794455040 bytes
DEBUG main io.netty.util.internal.PlatformDependent - -Dio.netty.uninitializedArrayAllocationThreshold: -1
DEBUG main io.netty.util.internal.CleanerJava6 - java.nio.ByteBuffer.cleaner(): available
DEBUG main io.netty.channel.nio.NioEventLoop - -Dio.netty.noKeySetOptimization: false
DEBUG main io.netty.channel.nio.NioEventLoop - -Dio.netty.selectorAutoRebuildThreshold: 512
DEBUG main io.netty.util.internal.PlatformDependent - org.jctools-core.MpscChunkedArrayQueue: available
DEBUG main io.netty.util.ResourceLeakDetector - -Dio.netty.leakDetection.level: simple
DEBUG main io.netty.util.ResourceLeakDetector - -Dio.netty.leakDetection.targetRecords: 4
DEBUG main io.netty.buffer.PooledByteBufAllocator - -Dio.netty.allocator.numHeapArenas: 8
DEBUG main io.netty.buffer.PooledByteBufAllocator - -Dio.netty.allocator.numDirectArenas: 8
DEBUG main io.netty.buffer.PooledByteBufAllocator - -Dio.netty.allocator.pageSize: 8192
DEBUG main io.netty.buffer.PooledByteBufAllocator - -Dio.netty.allocator.maxOrder: 11
DEBUG main io.netty.buffer.PooledByteBufAllocator - -Dio.netty.allocator.chunkSize: 16777216
DEBUG main io.netty.buffer.PooledByteBufAllocator - -Dio.netty.allocator.tinyCacheSize: 512
DEBUG main io.netty.buffer.PooledByteBufAllocator - -Dio.netty.allocator.smallCacheSize: 256
DEBUG main io.netty.buffer.PooledByteBufAllocator - -Dio.netty.allocator.normalCacheSize: 64
DEBUG main io.netty.buffer.PooledByteBufAllocator - -Dio.netty.allocator.maxCachedBufferCapacity: 32768
DEBUG main io.netty.buffer.PooledByteBufAllocator - -Dio.netty.allocator.cacheTrimInterval: 8192
DEBUG main io.netty.buffer.PooledByteBufAllocator - -Dio.netty.allocator.useCacheForAllThreads: true
DEBUG main io.netty.channel.DefaultChannelId - -Dio.netty.processId: 11628 (auto-detected)
DEBUG main io.netty.util.NetUtil - -Djava.net.preferIPv4Stack: false
DEBUG main io.netty.util.NetUtil - -Djava.net.preferIPv6Addresses: false
DEBUG main io.netty.util.NetUtil - Loopback interface: lo (Software Loopback Interface 1, 127.0.0.1)
DEBUG main io.netty.util.NetUtil - Failed to get SOMAXCONN from sysctl and file \proc\sys\net\core\somaxconn. Default: 200
DEBUG main io.netty.channel.DefaultChannelId - -Dio.netty.machineId: f8:ca:b8:ff:fe:46:23:a9 (auto-detected)
DEBUG main io.netty.buffer.ByteBufUtil - -Dio.netty.allocator.type: pooled
DEBUG main io.netty.buffer.ByteBufUtil - -Dio.netty.threadLocalDirectBufferSize: 65536
DEBUG main io.netty.buffer.ByteBufUtil - -Dio.netty.maxThreadLocalCharBufferSize: 16384
DEBUG main io.netty.util.internal.logging.InternalLoggerFactory - Using Log4J as the default logging framework
DEBUG main io.netty.util.internal.InternalThreadLocalMap - -Dio.netty.threadLocalMap.stringBuilder.initialSize: 1024
DEBUG main io.netty.util.internal.InternalThreadLocalMap - -Dio.netty.threadLocalMap.stringBuilder.maxSize: 4096
DEBUG main io.netty.channel.MultithreadEventLoopGroup - -Dio.netty.eventLoopThreads: 8
DEBUG main io.netty.util.internal.PlatformDependent - Platform: Windows
DEBUG main io.netty.util.internal.PlatformDependent0 - -Dio.netty.noUnsafe: false
DEBUG main io.netty.util.internal.PlatformDependent0 - Java version: 8
DEBUG main io.netty.util.internal.PlatformDependent0 - sun.misc.Unsafe.theUnsafe: available
DEBUG main io.netty.util.internal.PlatformDependent0 - sun.misc.Unsafe.copyMemory: available
DEBUG main io.netty.util.internal.PlatformDependent0 - java.nio.Buffer.address: available
DEBUG main io.netty.util.internal.PlatformDependent0 - direct buffer constructor: available
DEBUG main io.netty.util.internal.PlatformDependent0 - java.nio.Bits.unaligned: available, true
DEBUG main io.netty.util.internal.PlatformDependent0 - jdk.internal.misc.Unsafe.allocateUninitializedArray(int): unavailable prior to Java9
DEBUG main io.netty.util.internal.PlatformDependent0 - java.nio.DirectByteBuffer.<init>(long, int): available
DEBUG main io.netty.util.internal.PlatformDependent - sun.misc.Unsafe: available
DEBUG main io.netty.util.internal.PlatformDependent - -Dio.netty.tmpdir: C:\Users\ADMINI~1\AppData\Local\Temp (java.io.tmpdir)
DEBUG main io.netty.util.internal.PlatformDependent - -Dio.netty.bitMode: 64 (sun.arch.data.model)
DEBUG main io.netty.util.internal.PlatformDependent - -Dio.netty.noPreferDirect: false
DEBUG main io.netty.util.internal.PlatformDependent - -Dio.netty.maxDirectMemory: 2794455040 bytes
DEBUG main io.netty.util.internal.PlatformDependent - -Dio.netty.uninitializedArrayAllocationThreshold: -1
DEBUG main io.netty.util.internal.CleanerJava6 - java.nio.ByteBuffer.cleaner(): available
DEBUG main io.netty.channel.nio.NioEventLoop - -Dio.netty.noKeySetOptimization: false
DEBUG main io.netty.channel.nio.NioEventLoop - -Dio.netty.selectorAutoRebuildThreshold: 512
DEBUG main io.netty.util.internal.PlatformDependent - org.jctools-core.MpscChunkedArrayQueue: available
DEBUG main io.netty.util.ResourceLeakDetector - -Dio.netty.leakDetection.level: simple
DEBUG main io.netty.util.ResourceLeakDetector - -Dio.netty.leakDetection.targetRecords: 4
DEBUG main io.netty.buffer.PooledByteBufAllocator - -Dio.netty.allocator.numHeapArenas: 8
DEBUG main io.netty.buffer.PooledByteBufAllocator - -Dio.netty.allocator.numDirectArenas: 8
DEBUG main io.netty.buffer.PooledByteBufAllocator - -Dio.netty.allocator.pageSize: 8192
DEBUG main io.netty.buffer.PooledByteBufAllocator - -Dio.netty.allocator.maxOrder: 11
DEBUG main io.netty.buffer.PooledByteBufAllocator - -Dio.netty.allocator.chunkSize: 16777216
DEBUG main io.netty.buffer.PooledByteBufAllocator - -Dio.netty.allocator.tinyCacheSize: 512
DEBUG main io.netty.buffer.PooledByteBufAllocator - -Dio.netty.allocator.smallCacheSize: 256
DEBUG main io.netty.buffer.PooledByteBufAllocator - -Dio.netty.allocator.normalCacheSize: 64
DEBUG main io.netty.buffer.PooledByteBufAllocator - -Dio.netty.allocator.maxCachedBufferCapacity: 32768
DEBUG main io.netty.buffer.PooledByteBufAllocator - -Dio.netty.allocator.cacheTrimInterval: 8192
DEBUG main io.netty.buffer.PooledByteBufAllocator - -Dio.netty.allocator.useCacheForAllThreads: true
DEBUG main io.netty.channel.DefaultChannelId - -Dio.netty.processId: 18028 (auto-detected)
DEBUG main io.netty.util.NetUtil - -Djava.net.preferIPv4Stack: false
DEBUG main io.netty.util.NetUtil - -Djava.net.preferIPv6Addresses: false
DEBUG main io.netty.util.NetUtil - Loopback interface: lo (Software Loopback Interface 1, 127.0.0.1)
DEBUG main io.netty.util.NetUtil - Failed to get SOMAXCONN from sysctl and file \proc\sys\net\core\somaxconn. Default: 200
DEBUG main io.netty.channel.DefaultChannelId - -Dio.netty.machineId: f8:ca:b8:ff:fe:46:23:a9 (auto-detected)
DEBUG main io.netty.buffer.ByteBufUtil - -Dio.netty.allocator.type: pooled
DEBUG main io.netty.buffer.ByteBufUtil - -Dio.netty.threadLocalDirectBufferSize: 65536
DEBUG main io.netty.buffer.ByteBufUtil - -Dio.netty.maxThreadLocalCharBufferSize: 16384
DEBUG main io.netty.util.internal.logging.InternalLoggerFactory - Using Log4J as the default logging framework
DEBUG main io.netty.util.internal.InternalThreadLocalMap - -Dio.netty.threadLocalMap.stringBuilder.initialSize: 1024
DEBUG main io.netty.util.internal.InternalThreadLocalMap - -Dio.netty.threadLocalMap.stringBuilder.maxSize: 4096
DEBUG main io.netty.channel.MultithreadEventLoopGroup - -Dio.netty.eventLoopThreads: 8
DEBUG main io.netty.util.internal.PlatformDependent - Platform: Windows
DEBUG main io.netty.util.internal.PlatformDependent0 - -Dio.netty.noUnsafe: false
DEBUG main io.netty.util.internal.PlatformDependent0 - Java version: 8
DEBUG main io.netty.util.internal.PlatformDependent0 - sun.misc.Unsafe.theUnsafe: available
DEBUG main io.netty.util.internal.PlatformDependent0 - sun.misc.Unsafe.copyMemory: available
DEBUG main io.netty.util.internal.PlatformDependent0 - java.nio.Buffer.address: available
DEBUG main io.netty.util.internal.PlatformDependent0 - direct buffer constructor: available
DEBUG main io.netty.util.internal.PlatformDependent0 - java.nio.Bits.unaligned: available, true
DEBUG main io.netty.util.internal.PlatformDependent0 - jdk.internal.misc.Unsafe.allocateUninitializedArray(int): unavailable prior to Java9
DEBUG main io.netty.util.internal.PlatformDependent0 - java.nio.DirectByteBuffer.<init>(long, int): available
DEBUG main io.netty.util.internal.PlatformDependent - sun.misc.Unsafe: available
DEBUG main io.netty.util.internal.PlatformDependent - -Dio.netty.tmpdir: C:\Users\ADMINI~1\AppData\Local\Temp (java.io.tmpdir)
DEBUG main io.netty.util.internal.PlatformDependent - -Dio.netty.bitMode: 64 (sun.arch.data.model)
DEBUG main io.netty.util.internal.PlatformDependent - -Dio.netty.noPreferDirect: false
DEBUG main io.netty.util.internal.PlatformDependent - -Dio.netty.maxDirectMemory: 2794455040 bytes
DEBUG main io.netty.util.internal.PlatformDependent - -Dio.netty.uninitializedArrayAllocationThreshold: -1
DEBUG main io.netty.util.internal.CleanerJava6 - java.nio.ByteBuffer.cleaner(): available
DEBUG main io.netty.channel.nio.NioEventLoop - -Dio.netty.noKeySetOptimization: false
DEBUG main io.netty.channel.nio.NioEventLoop - -Dio.netty.selectorAutoRebuildThreshold: 512
DEBUG main io.netty.util.internal.PlatformDependent - org.jctools-core.MpscChunkedArrayQueue: available
DEBUG main io.netty.util.ResourceLeakDetector - -Dio.netty.leakDetection.level: simple
DEBUG main io.netty.util.ResourceLeakDetector - -Dio.netty.leakDetection.targetRecords: 4
DEBUG main io.netty.buffer.PooledByteBufAllocator - -Dio.netty.allocator.numHeapArenas: 8
DEBUG main io.netty.buffer.PooledByteBufAllocator - -Dio.netty.allocator.numDirectArenas: 8
DEBUG main io.netty.buffer.PooledByteBufAllocator - -Dio.netty.allocator.pageSize: 8192
DEBUG main io.netty.buffer.PooledByteBufAllocator - -Dio.netty.allocator.maxOrder: 11
DEBUG main io.netty.buffer.PooledByteBufAllocator - -Dio.netty.allocator.chunkSize: 16777216
DEBUG main io.netty.buffer.PooledByteBufAllocator - -Dio.netty.allocator.tinyCacheSize: 512
DEBUG main io.netty.buffer.PooledByteBufAllocator - -Dio.netty.allocator.smallCacheSize: 256
DEBUG main io.netty.buffer.PooledByteBufAllocator - -Dio.netty.allocator.normalCacheSize: 64
DEBUG main io.netty.buffer.PooledByteBufAllocator - -Dio.netty.allocator.maxCachedBufferCapacity: 32768
DEBUG main io.netty.buffer.PooledByteBufAllocator - -Dio.netty.allocator.cacheTrimInterval: 8192
DEBUG main io.netty.buffer.PooledByteBufAllocator - -Dio.netty.allocator.useCacheForAllThreads: true
DEBUG main io.netty.channel.DefaultChannelId - -Dio.netty.processId: 5148 (auto-detected)
DEBUG main io.netty.util.NetUtil - -Djava.net.preferIPv4Stack: false
DEBUG main io.netty.util.NetUtil - -Djava.net.preferIPv6Addresses: false
DEBUG main io.netty.util.NetUtil - Loopback interface: lo (Software Loopback Interface 1, 127.0.0.1)
DEBUG main io.netty.util.NetUtil - Failed to get SOMAXCONN from sysctl and file \proc\sys\net\core\somaxconn. Default: 200
DEBUG main io.netty.channel.DefaultChannelId - -Dio.netty.machineId: f8:ca:b8:ff:fe:46:23:a9 (auto-detected)
DEBUG main io.netty.buffer.ByteBufUtil - -Dio.netty.allocator.type: pooled
DEBUG main io.netty.buffer.ByteBufUtil - -Dio.netty.threadLocalDirectBufferSize: 65536
DEBUG main io.netty.buffer.ByteBufUtil - -Dio.netty.maxThreadLocalCharBufferSize: 16384
